#
# There is insufficient memory for the Java Runtime Environment to continue.
# Native memory allocation (mmap) failed to map 266338304 bytes for G1 virtual space
# Possible reasons:
#   The system is out of physical RAM or swap space
#   The process is running with CompressedOops enabled, and the Java Heap may be blocking the growth of the native heap
# Possible solutions:
#   Reduce memory load on the system
#   Increase physical memory or swap space
#   Check if swap backing store is full
#   Decrease Java heap size (-Xmx/-Xms)
#   Decrease number of Java threads
#   Decrease Java thread stack sizes (-Xss)
#   Set larger code cache with -XX:ReservedCodeCacheSize=
#   JVM is running with Zero Based Compressed Oops mode in which the Java heap is
#     placed in the first 32GB address space. The Java Heap base address is the
#     maximum limit for the native heap growth. Please use -XX:HeapBaseMinAddress
#     to set the Java Heap base and to place the Java Heap above 32GB virtual address.
# This output file may be truncated or incomplete.
#
#  Out of Memory Error (os_windows.cpp:3541), pid=34488, tid=34368
#
# JRE version:  (17.0.5+9) (build )
# Java VM: Java HotSpot(TM) 64-Bit Server VM (17.0.5+9-LTS-191, mixed mode, emulated-client, sharing, tiered, compressed oops, compressed class ptrs, g1 gc, windows-amd64)
# No core dump will be written. Minidumps are not enabled by default on client versions of Windows
#

---------------  S U M M A R Y ------------

Command Line: -XX:TieredStopAtLevel=1 -Xverify:none -Dspring.output.ansi.enabled=always -javaagent:E:\java学习\IntelliJ IDEA 2021.2\lib\idea_rt.jar=22536:E:\java学习\IntelliJ IDEA 2021.2\bin -Dcom.sun.management.jmxremote -Dspring.jmx.enabled=true -Dspring.liveBeansView.mbeanDomain -Dspring.application.admin.enabled=true -Dfile.encoding=UTF-8 cn.edu.guet.householdserver.HouseholdserverApplication

Host: Intel(R) Core(TM) i7-10750H CPU @ 2.60GHz, 12 cores, 15G,  Windows 10 , 64 bit Build 19041 (10.0.19041.3155)
Time: Sat Aug 12 09:33:45 2023  Windows 10 , 64 bit Build 19041 (10.0.19041.3155) elapsed time: 0.018222 seconds (0d 0h 0m 0s)

---------------  T H R E A D  ---------------

Current thread (0x000001a48f5b0510):  JavaThread "Unknown thread" [_thread_in_vm, id=34368, stack(0x00000019ffe00000,0x00000019fff00000)]

Stack: [0x00000019ffe00000,0x00000019fff00000]
Native frames: (J=compiled Java code, j=interpreted, Vv=VM code, C=native code)
V  [jvm.dll+0x672eea]
V  [jvm.dll+0x7d2a04]
V  [jvm.dll+0x7d41ae]
V  [jvm.dll+0x7d4813]
V  [jvm.dll+0x242c15]
V  [jvm.dll+0x66fe09]
V  [jvm.dll+0x664682]
V  [jvm.dll+0x300e8b]
V  [jvm.dll+0x308426]
V  [jvm.dll+0x357ffe]
V  [jvm.dll+0x35822f]
V  [jvm.dll+0x2d80a8]
V  [jvm.dll+0x2d9014]
V  [jvm.dll+0x7a44e1]
V  [jvm.dll+0x365df1]
V  [jvm.dll+0x7838fc]
V  [jvm.dll+0x3e873f]
V  [jvm.dll+0x3ea1e1]
C  [jli.dll+0x527b]
C  [ucrtbase.dll+0x21bb2]
C  [KERNEL32.DLL+0x17614]
C  [ntdll.dll+0x526b1]


---------------  P R O C E S S  ---------------

Threads class SMR info:
_java_thread_list=0x00007fff61a6a8d8, length=0, elements={
}

Java Threads: ( => current thread )

Other Threads:
  0x000001a48f6191a0 GCTaskThread "GC Thread#0" [stack: 0x00000019fff00000,0x0000001a00000000] [id=22100]
  0x000001a48f629d70 ConcurrentGCThread "G1 Main Marker" [stack: 0x0000001980000000,0x0000001980100000] [id=35468]
  0x000001a48f62b790 ConcurrentGCThread "G1 Conc#0" [stack: 0x0000001980100000,0x0000001980200000] [id=34220]

[error occurred during error reporting (printing all threads), id 0xc0000005, EXCEPTION_ACCESS_VIOLATION (0xc0000005) at pc=0x00007fff612b8a97]

VM state: not at safepoint (not fully initialized)

VM Mutex/Monitor currently owned by a thread:  ([mutex/lock_event])
[0x000001a48f5ab7e0] Heap_lock - owner thread: 0x000001a48f5b0510

Heap address: 0x0000000703600000, size: 4042 MB, Compressed Oops mode: Zero based, Oop shift amount: 3

CDS archive(s) mapped at: [0x0000000000000000-0x0000000000000000-0x0000000000000000), size 0, SharedBaseAddress: 0x0000000800000000, ArchiveRelocationMode: 0.
Narrow klass base: 0x0000000000000000, Narrow klass shift: 0, Narrow klass range: 0x0

GC Precious Log:
<Empty>

Heap:
 garbage-first heap   total 0K, used 0K [0x0000000703600000, 0x0000000800000000)
  region size 2048K, 0 young (0K), 0 survivors (0K)

[error occurred during error reporting (printing heap information), id 0xc0000005, EXCEPTION_ACCESS_VIOLATION (0xc0000005) at pc=0x00007fff6169c399]

GC Heap History (0 events):
No events

Deoptimization events (0 events):
No events

Classes unloaded (0 events):
No events

Classes redefined (0 events):
No events

Internal exceptions (0 events):
No events

VM Operations (0 events):
No events

Events (1 events):
Event: 0.012 Loaded shared library C:\Program Files\Java\jdk-17.0.5\bin\java.dll


Dynamic libraries:
0x00007ff78a4b0000 - 0x00007ff78a4c0000 	C:\Program Files\Java\jdk-17.0.5\bin\java.exe
0x00007fffd88f0000 - 0x00007fffd8ae8000 	C:\WINDOWS\SYSTEM32\ntdll.dll
0x00007fffd6d40000 - 0x00007fffd6dff000 	C:\WINDOWS\System32\KERNEL32.DLL
0x00007fffd6250000 - 0x00007fffd6546000 	C:\WINDOWS\System32\KERNELBASE.dll
0x00007fffd6650000 - 0x00007fffd6750000 	C:\WINDOWS\System32\ucrtbase.dll
0x00007fffbd070000 - 0x00007fffbd088000 	C:\Program Files\Java\jdk-17.0.5\bin\jli.dll
0x00007fffc2430000 - 0x00007fffc244a000 	C:\Program Files\Java\jdk-17.0.5\bin\VCRUNTIME140.dll
0x00007fffd6e00000 - 0x00007fffd6eaf000 	C:\WINDOWS\System32\ADVAPI32.dll
0x00007fffd6b30000 - 0x00007fffd6bce000 	C:\WINDOWS\System32\msvcrt.dll
0x00007fffd6c70000 - 0x00007fffd6d0c000 	C:\WINDOWS\System32\sechost.dll
0x00007fffd74b0000 - 0x00007fffd75d6000 	C:\WINDOWS\System32\RPCRT4.dll
0x00007fffd7660000 - 0x00007fffd77fd000 	C:\WINDOWS\System32\USER32.dll
0x00007fffd6890000 - 0x00007fffd68b2000 	C:\WINDOWS\System32\win32u.dll
0x00007fffbbcc0000 - 0x00007fffbbf5a000 	C:\WINDOWS\WinSxS\amd64_microsoft.windows.common-controls_6595b64144ccf1df_6.0.19041.1110_none_60b5254171f9507e\COMCTL32.dll
0x00007fffd8880000 - 0x00007fffd88ac000 	C:\WINDOWS\System32\GDI32.dll
0x00007fffd5fd0000 - 0x00007fffd60e5000 	C:\WINDOWS\System32\gdi32full.dll
0x00007fffd67f0000 - 0x00007fffd688d000 	C:\WINDOWS\System32\msvcp_win.dll
0x00007fffcc1e0000 - 0x00007fffcc1ea000 	C:\WINDOWS\SYSTEM32\VERSION.dll
0x00007fffd7910000 - 0x00007fffd7940000 	C:\WINDOWS\System32\IMM32.DLL
0x00007fffcfe90000 - 0x00007fffcfe9c000 	C:\Program Files\Java\jdk-17.0.5\bin\vcruntime140_1.dll
0x00007fffae3f0000 - 0x00007fffae47d000 	C:\Program Files\Java\jdk-17.0.5\bin\msvcp140.dll
0x00007fff60fd0000 - 0x00007fff61b92000 	C:\Program Files\Java\jdk-17.0.5\bin\server\jvm.dll
0x00007fffd6c60000 - 0x00007fffd6c68000 	C:\WINDOWS\System32\PSAPI.DLL
0x00007fff7a2e0000 - 0x00007fff7a2e9000 	C:\WINDOWS\SYSTEM32\WSOCK32.dll
0x00007fffb9220000 - 0x00007fffb9247000 	C:\WINDOWS\SYSTEM32\WINMM.dll
0x00007fffd8220000 - 0x00007fffd828b000 	C:\WINDOWS\System32\WS2_32.dll
0x00007fffd4d40000 - 0x00007fffd4d52000 	C:\WINDOWS\SYSTEM32\kernel.appcore.dll
0x00007fffc2480000 - 0x00007fffc248a000 	C:\Program Files\Java\jdk-17.0.5\bin\jimage.dll
0x00007fffd3ca0000 - 0x00007fffd3e84000 	C:\WINDOWS\SYSTEM32\DBGHELP.DLL
0x00007fffc3310000 - 0x00007fffc3344000 	C:\WINDOWS\SYSTEM32\dbgcore.DLL
0x00007fffd68c0000 - 0x00007fffd6942000 	C:\WINDOWS\System32\bcryptPrimitives.dll
0x00007fffca090000 - 0x00007fffca09e000 	C:\Program Files\Java\jdk-17.0.5\bin\instrument.dll
0x00007fffbc750000 - 0x00007fffbc775000 	C:\Program Files\Java\jdk-17.0.5\bin\java.dll

dbghelp: loaded successfully - version: 4.0.5 - missing functions: none
symbol engine: initialized successfully - sym options: 0x614 - pdb path: .;C:\Program Files\Java\jdk-17.0.5\bin;C:\WINDOWS\SYSTEM32;C:\WINDOWS\WinSxS\amd64_microsoft.windows.common-controls_6595b64144ccf1df_6.0.19041.1110_none_60b5254171f9507e;C:\Program Files\Java\jdk-17.0.5\bin\server

VM Arguments:
jvm_args: -XX:TieredStopAtLevel=1 -Xverify:none -Dspring.output.ansi.enabled=always -javaagent:E:\java学习\IntelliJ IDEA 2021.2\lib\idea_rt.jar=22536:E:\java学习\IntelliJ IDEA 2021.2\bin -Dcom.sun.management.jmxremote -Dspring.jmx.enabled=true -Dspring.liveBeansView.mbeanDomain -Dspring.application.admin.enabled=true -Dfile.encoding=UTF-8 
java_command: cn.edu.guet.householdserver.HouseholdserverApplication
java_class_path (initial): D:\javavideo\2023-07-25\householdserver\target\classes;C:\Users\罗云之\.m2\repository\org\springframework\boot\spring-boot-starter-web\2.7.14\spring-boot-starter-web-2.7.14.jar;C:\Users\罗云之\.m2\repository\org\springframework\boot\spring-boot-starter\2.7.14\spring-boot-starter-2.7.14.jar;C:\Users\罗云之\.m2\repository\org\springframework\boot\spring-boot\2.7.14\spring-boot-2.7.14.jar;C:\Users\罗云之\.m2\repository\org\springframework\boot\spring-boot-starter-logging\2.7.14\spring-boot-starter-logging-2.7.14.jar;C:\Users\罗云之\.m2\repository\ch\qos\logback\logback-classic\1.2.12\logback-classic-1.2.12.jar;C:\Users\罗云之\.m2\repository\ch\qos\logback\logback-core\1.2.12\logback-core-1.2.12.jar;C:\Users\罗云之\.m2\repository\org\apache\logging\log4j\log4j-to-slf4j\2.17.2\log4j-to-slf4j-2.17.2.jar;C:\Users\罗云之\.m2\repository\org\apache\logging\log4j\log4j-api\2.17.2\log4j-api-2.17.2.jar;C:\Users\罗云之\.m2\repository\org\slf4j\jul-to-slf4j\1.7.36\jul-to-slf4j-1.7.36.jar;C:\Users\罗云之\.m2\repository\jakarta\annotation\jakarta.annotation-api\1.3.5\jakarta.annotation-api-1.3.5.jar;C:\Users\罗云之\.m2\repository\org\yaml\snakeyaml\1.30\snakeyaml-1.30.jar;C:\Users\罗云之\.m2\repository\org\springframework\boot\spring-boot-starter-json\2.7.14\spring-boot-starter-json-2.7.14.jar;C:\Users\罗云之\.m2\repository\com\fasterxml\jackson\core\jackson-databind\2.13.5\jackson-databind-2.13.5.jar;C:\Users\罗云之\.m2\repository\com\fasterxml\jackson\core\jackson-annotations\2.13.5\jackson-annotations-2.13.5.jar;C:\Users\罗云之\.m2\repository\com\fasterxml\jackson\core\jackson-core\2.13.5\jackson-core-2.13.5.jar;C:\Users\罗云之\.m2\repository\com\fasterxml\jackson\datatype\jackson-datatype-jdk8\2.13.5\jackson-datatype-jdk8-2.13.5.jar;C:\Users\罗云之\.m2\repository\com\fasterxml\jackson\datatype\jackson-datatype-jsr310\2.13.5\jackson-datatype-jsr310-2.13.5.jar;C:\Users\罗云之\.m2\repository\com\fasterxml\jackson\module\jackson-module-parameter-names\2.
Launcher Type: SUN_STANDARD

[Global flags]
     intx CICompilerCount                          = 4                                         {product} {ergonomic}
     uint ConcGCThreads                            = 3                                         {product} {ergonomic}
     uint G1ConcRefinementThreads                  = 10                                        {product} {ergonomic}
   size_t G1HeapRegionSize                         = 2097152                                   {product} {ergonomic}
    uintx GCDrainStackTargetSize                   = 64                                        {product} {ergonomic}
   size_t InitialHeapSize                          = 266338304                                 {product} {ergonomic}
     bool ManagementServer                         = true                                      {product} {command line}
   size_t MarkStackSize                            = 4194304                                   {product} {ergonomic}
   size_t MaxHeapSize                              = 4238344192                                {product} {ergonomic}
   size_t MinHeapDeltaBytes                        = 2097152                                   {product} {ergonomic}
   size_t MinHeapSize                              = 8388608                                   {product} {ergonomic}
    uintx NonProfiledCodeHeapSize                  = 0                                      {pd product} {ergonomic}
     bool ProfileInterpreter                       = false                                  {pd product} {command line}
    uintx ProfiledCodeHeapSize                     = 0                                      {pd product} {ergonomic}
   size_t SoftMaxHeapSize                          = 4238344192                             {manageable} {ergonomic}
     intx TieredStopAtLevel                        = 1                                         {product} {command line}
     bool UseCompressedClassPointers               = true                           {product lp64_product} {ergonomic}
     bool UseCompressedOops                        = true                           {product lp64_product} {ergonomic}
     bool UseG1GC                                  = true                                      {product} {ergonomic}
     bool UseLargePagesIndividualAllocation        = false                                  {pd product} {ergonomic}

Logging:
Log output configuration:
 #0: stdout all=warning uptime,level,tags
 #1: stderr all=off uptime,level,tags

Environment Variables:
CLASSPATH=.;E:\java学习\poi-bin-5.2.3\poi-5.2.3.jar;E:\java学习\poi-bin-5.2.3\lib\commons-io-2.11.0.jar;E:\java学习\poi-bin-5.2.3\lib\log4j-api-2.18.0.jar;
PATH=C:\Users\罗云之\AppData\Roaming\npm;C:\Program Files\VanDyke Software\Clients\;C:\Program Files (x86)\VanDyke Software\Clients\;C:\Program Files\Common Files\Oracle\Java\javapath;C:\Program Files (x86)\Common Files\Oracle\Java\javapath;C:\Program Files\Java\jdk-17.0.5\bin;E:\VMware\bin\;C:\ProgramData\Oracle\Java\javapath;C:\windows\system32;C:\windows;C:\windows\System32\Wbem;C:\windows\System32\WindowsPowerShell\v1.0\;C:\windows\System32\OpenSSH\;C:\Program Files (x86)\NVIDIA Corporation\PhysX\Common;C:\Program Files\NVIDIA Corporation\NVIDIA NvDLISR;C:\WINDOWS\system32;C:\WINDOWS;C:\WINDOWS\System32\Wbem;C:\WINDOWS\System32\WindowsPowerShell\v1.0\;C:\WINDOWS\System32\OpenSSH\;C:\Program Files\dotnet\;C:\Program Files\Microsoft SQL Server\Client SDK\ODBC\170\Tools\Binn\;E:\Windows\R2018b_win64_dvd1\runtime\win64;E:\Windows\R2018b_win64_dvd1\bin;E:\java学习;E;\java学习\ffmpeg\bin;E;\;C:\Program Files\Git\cmd;D:\MYSQL\mysql-8.0.33-winx64\bin;D:\nvm;C:\Program Files\nodejs;D:\微信web开发者工具\dll;C:\Program Files\nodejs\node_modules\npm;E:\;C:\Users\罗云之\AppData\Local\Programs\Python\Python37\Scripts\;C:\Users\罗云之\AppData\Local\Programs\Python\Python37\;E:\anaconda3;E:\anaconda3\Library\mingw-w64\bin;E:\anaconda3\Library\usr\bin;E:\anaconda3\Library\bin;E:\anaconda3\Scripts;C:\Users\罗云之\AppData\Local\Programs\Python\Python39\Scripts\;C:\Users\罗云之\AppData\Local\Programs\Python\Python39\;E:\python\Scripts\;E:\python\;D:\python\Scripts\;D:\python\;D:\Scripts\;D:\;C:\Users\罗云之\AppData\Local\Microsoft\WindowsApps;E:\Bandizip\;E:\pycharm\PyCharm 2021.3.2\bin;;C:\Users\罗云之\.dotnet\tools;C:\Program Files\Azure Data Studio\bin;E:\Nmap;C:\Users\罗云之\AppData\Local\Programs\Microsoft VS Code\bin;E:\pycharm\PyCharm Community Edition 2023.1.1\bin;;C:\Program Files\nodejs\node_modules\npm;D:\MYSQL\mysql-8.0.33-winx64\bin;D:\nvm;C:\Program Files\nodejs;
USERNAME=罗云之
OS=Windows_NT
PROCESSOR_IDENTIFIER=Intel64 Family 6 Model 165 Stepping 2, GenuineIntel



---------------  S Y S T E M  ---------------

OS:
 Windows 10 , 64 bit Build 19041 (10.0.19041.3155)
OS uptime: 2 days 20:18 hours

CPU: total 12 (initial active 12) (6 cores per cpu, 2 threads per core) family 6 model 165 stepping 2 microcode 0xf0, cx8, cmov, fxsr, ht, mmx, 3dnowpref, sse, sse2, sse3, ssse3, sse4.1, sse4.2, popcnt, lzcnt, tsc, tscinvbit, avx, avx2, aes, erms, clmul, bmi1, bmi2, adx, fma, vzeroupper, clflush, clflushopt

Memory: 4k page, system-wide physical 16160M (2128M free)
TotalPageFile size 28890M (AvailPageFile size 161M)
current process WorkingSet (physical memory assigned to process): 11M, peak: 11M
current process commit charge ("private bytes"): 59M, peak: 313M

vm_info: Java HotSpot(TM) 64-Bit Server VM (17.0.5+9-LTS-191) for windows-amd64 JRE (17.0.5+9-LTS-191), built on Sep 13 2022 17:31:43 by "mach5one" with MS VC++ 16.8 / 16.9 (VS2019)

END.
